07-02 09:16:15 [INFO ] Job Deduplication Service initialized | cacheRetentionMs=3600000 maxCacheSize=10000
07-02 09:16:15 [INFO ] Analysis Worker starting up | env=production queue=assessment_analysis concurrency=5
07-02 09:16:15 [INFO ] Connecting to RabbitMQ...
07-02 09:16:15 [INFO ] RabbitMQ connected | queue=assessment_analysis exchange=atma_exchange eventsExchange=atma_events_exchange
07-02 09:16:15 [INFO ] Event Publisher initialized | exchange=atma_events_exchange routingKeys={"analysisCompleted":"analysis.completed","anal...
07-02 09:16:15 [INFO ] Queue consumer and event publisher initialized
07-02 09:16:15 [INFO ] Started consuming messages | queue=assessment_analysis concurrency=5
07-02 09:16:15 [INFO ] Analysis Worker ready - consuming messages
07-02 09:17:01 [INFO ] Graceful shutdown initiated (SIGTERM) | signal=SIGTERM
07-02 09:17:05 [INFO ] Job Deduplication Service initialized | cacheRetentionMs=3600000 maxCacheSize=10000
07-02 09:21:31 [INFO ] Job Deduplication Service initialized | cacheRetentionMs=3600000 maxCacheSize=10000
07-02 09:21:31 [INFO ] Analysis Worker starting up | env=production queue=assessment_analysis concurrency=5
07-02 09:21:31 [INFO ] Connecting to RabbitMQ...
07-02 09:21:31 [INFO ] RabbitMQ connected | queue=assessment_analysis exchange=atma_exchange eventsExchange=atma_events_exchange
07-02 09:21:31 [INFO ] Event Publisher initialized | exchange=atma_events_exchange routingKeys={"analysisCompleted":"analysis.completed","anal...
07-02 09:21:31 [INFO ] Queue consumer and event publisher initialized
07-02 09:21:31 [INFO ] Started consuming messages | queue=assessment_analysis concurrency=5
07-02 09:21:31 [INFO ] Analysis Worker ready - consuming messages
07-02 09:23:48 [INFO ] Graceful shutdown initiated (SIGTERM) | signal=SIGTERM
07-02 09:24:19 [INFO ] Job Deduplication Service initialized | cacheRetentionMs=3600000 maxCacheSize=10000
07-02 09:24:19 [INFO ] Analysis Worker starting up | env=production queue=assessment_analysis concurrency=5
07-02 09:24:19 [INFO ] Connecting to RabbitMQ...
07-02 09:24:19 [INFO ] RabbitMQ connected | queue=assessment_analysis exchange=atma_exchange eventsExchange=atma_events_exchange
07-02 09:24:19 [INFO ] Event Publisher initialized | exchange=atma_events_exchange routingKeys={"analysisCompleted":"analysis.completed","anal...
07-02 09:24:19 [INFO ] Queue consumer and event publisher initialized
07-02 09:24:19 [INFO ] Started consuming messages | queue=assessment_analysis concurrency=5
07-02 09:24:19 [INFO ] Analysis Worker ready - consuming messages
07-02 09:26:17 [INFO ] Graceful shutdown initiated (SIGTERM) | signal=SIGTERM
07-02 09:26:46 [INFO ] Job Deduplication Service initialized | cacheRetentionMs=3600000 maxCacheSize=10000
07-02 09:26:46 [INFO ] Analysis Worker starting up | env=production queue=assessment_analysis concurrency=5
07-02 09:26:46 [INFO ] Connecting to RabbitMQ...
07-02 09:26:46 [INFO ] RabbitMQ connected | queue=assessment_analysis exchange=atma_exchange eventsExchange=atma_events_exchange
07-02 09:26:46 [INFO ] Event Publisher initialized | exchange=atma_events_exchange routingKeys={"analysisCompleted":"analysis.completed","anal...
07-02 09:26:46 [INFO ] Queue consumer and event publisher initialized
07-02 09:26:46 [INFO ] Started consuming messages | queue=assessment_analysis concurrency=5
07-02 09:26:46 [INFO ] Analysis Worker ready - consuming messages
07-02 09:31:46 [INFO ] Worker heartbeat | status=running
07-02 09:32:17 [INFO ] Graceful shutdown initiated (SIGTERM) | signal=SIGTERM
07-02 09:32:48 [INFO ] Job Deduplication Service initialized | cacheRetentionMs=3600000 maxCacheSize=10000
07-02 09:32:48 [INFO ] Analysis Worker starting up | env=production queue=assessment_analysis concurrency=5
07-02 09:32:48 [INFO ] Connecting to RabbitMQ...
07-02 09:32:48 [INFO ] RabbitMQ connected | queue=assessment_analysis exchange=atma_exchange eventsExchange=atma_events_exchange
07-02 09:32:48 [INFO ] Event Publisher initialized | exchange=atma_events_exchange routingKeys={"analysisCompleted":"analysis.completed","anal...
07-02 09:32:48 [INFO ] Queue consumer and event publisher initialized
07-02 09:32:48 [INFO ] Started consuming messages | queue=assessment_analysis concurrency=5
07-02 09:32:48 [INFO ] Analysis Worker ready - consuming messages
07-02 09:37:48 [INFO ] Worker heartbeat | status=running
07-02 09:42:01 [INFO ] Graceful shutdown initiated (SIGTERM) | signal=SIGTERM
07-02 09:42:31 [INFO ] Job Deduplication Service initialized | cacheRetentionMs=3600000 maxCacheSize=10000
07-02 09:42:31 [INFO ] Analysis Worker starting up | env=production queue=assessment_analysis concurrency=5
07-02 09:42:31 [INFO ] Connecting to RabbitMQ...
07-02 09:42:31 [INFO ] RabbitMQ connected | queue=assessment_analysis exchange=atma_exchange eventsExchange=atma_events_exchange
07-02 09:42:31 [INFO ] Event Publisher initialized | exchange=atma_events_exchange routingKeys={"analysisCompleted":"analysis.completed","anal...
07-02 09:42:31 [INFO ] Queue consumer and event publisher initialized
07-02 09:42:31 [INFO ] Started consuming messages | queue=assessment_analysis concurrency=5
07-02 09:42:31 [INFO ] Analysis Worker ready - consuming messages
07-02 09:43:51 [INFO ] Graceful shutdown initiated (SIGTERM) | signal=SIGTERM
07-02 09:54:54 [INFO ] Job Deduplication Service initialized | cacheRetentionMs=3600000 maxCacheSize=10000
07-02 09:54:54 [INFO ] Analysis Worker starting up | env=production queue=assessment_analysis concurrency=5
07-02 09:54:54 [INFO ] Connecting to RabbitMQ...
07-02 09:54:54 [INFO ] RabbitMQ connected | queue=assessment_analysis exchange=atma_exchange eventsExchange=atma_events_exchange
07-02 09:54:54 [INFO ] Event Publisher initialized | exchange=atma_events_exchange routingKeys={"analysisCompleted":"analysis.completed","anal...
07-02 09:54:54 [INFO ] Queue consumer and event publisher initialized
07-02 09:54:54 [INFO ] Started consuming messages | queue=assessment_analysis concurrency=5
07-02 09:54:54 [INFO ] Analysis Worker ready - consuming messages
07-02 09:57:59 [INFO ] Graceful shutdown initiated (SIGTERM) | signal=SIGTERM
07-02 10:22:28 [INFO ] Job Deduplication Service initialized | cacheRetentionMs=3600000 maxCacheSize=10000
07-02 10:22:28 [INFO ] Analysis Worker starting up | env=production queue=assessment_analysis concurrency=5
07-02 10:22:28 [INFO ] Connecting to RabbitMQ...
07-02 10:22:28 [INFO ] RabbitMQ connected | queue=assessment_analysis exchange=atma_exchange eventsExchange=atma_events_exchange
07-02 10:22:28 [INFO ] Event Publisher initialized | exchange=atma_events_exchange routingKeys={"analysisCompleted":"analysis.completed","anal...
07-02 10:22:28 [INFO ] Queue consumer and event publisher initialized
07-02 10:22:28 [INFO ] Started consuming messages | queue=assessment_analysis concurrency=5
07-02 10:22:28 [INFO ] Analysis Worker ready - consuming messages
07-02 10:22:47 [INFO ] Graceful shutdown initiated (SIGTERM) | signal=SIGTERM
07-02 10:25:01 [INFO ] Job Deduplication Service initialized | cacheRetentionMs=3600000 maxCacheSize=10000
07-02 10:25:01 [INFO ] Analysis Worker starting up | env=production queue=assessment_analysis concurrency=5
07-02 10:25:01 [INFO ] Connecting to RabbitMQ...
07-02 10:25:01 [INFO ] RabbitMQ connected | queue=assessment_analysis exchange=atma_exchange eventsExchange=atma_events_exchange
07-02 10:25:01 [INFO ] Event Publisher initialized | exchange=atma_events_exchange routingKeys={"analysisCompleted":"analysis.completed","anal...
07-02 10:25:01 [INFO ] Queue consumer and event publisher initialized
07-02 10:25:01 [INFO ] Started consuming messages | queue=assessment_analysis concurrency=5
07-02 10:25:01 [INFO ] Analysis Worker ready - consuming messages
07-02 10:26:57 [INFO ] Graceful shutdown initiated (SIGTERM) | signal=SIGTERM
07-02 10:31:48 [INFO ] Job Deduplication Service initialized | cacheRetentionMs=3600000 maxCacheSize=10000
07-02 10:31:48 [INFO ] Analysis Worker starting up | env=production queue=assessment_analysis concurrency=5
07-02 10:31:48 [INFO ] Connecting to RabbitMQ...
07-02 10:31:48 [INFO ] RabbitMQ connected | queue=assessment_analysis exchange=atma_exchange eventsExchange=atma_events_exchange
07-02 10:31:48 [INFO ] Event Publisher initialized | exchange=atma_events_exchange routingKeys={"analysisCompleted":"analysis.completed","anal...
07-02 10:31:48 [INFO ] Queue consumer and event publisher initialized
07-02 10:31:48 [INFO ] Started consuming messages | queue=assessment_analysis concurrency=5
07-02 10:31:48 [INFO ] Analysis Worker ready - consuming messages
07-02 10:32:30 [INFO ] Graceful shutdown initiated (SIGTERM) | signal=SIGTERM
09-05 19:33:32 [INFO ] Advanced Rate Limiter initialized | requestsPerMinute=15 windowMs=60000
09-05 19:33:32 [INFO ] [test-job] Starting dynamic assessment analysis | assessmentName=AI-Driven Talent Mapping supportedTypes=4
09-05 19:33:32 [INFO ] [test-job] Routing to Talent Mapping analyzer | assessmentName=AI-Driven Talent Mapping
09-05 19:33:32 [INFO ] [test-job] Starting talent mapping analysis | analyzer=TalentMappingAnalyzer assessmentName=AI-Driven Talent Mapping
09-05 19:33:32 [INFO ] [test-job] Generating persona profile
09-05 19:33:32 [ERROR] Failed to initialize Google Generative AI | error=GOOGLE_AI_API_KEY is not set in environment var...
09-05 19:33:32 [ERROR] [test-job] Failed to generate persona profile | error=GOOGLE_AI_API_KEY is not set in environment var...
09-05 19:33:32 [ERROR] [test-job] Talent mapping analysis failed | analyzer=TalentMappingAnalyzer error=GOOGLE_AI_API_KEY is not set in environment var... processingTime=9ms
09-05 19:33:32 [ERROR] [test-job] Assessment analysis failed | assessmentName=AI-Driven Talent Mapping error=Cannot read properties of undefined (reading 'c... processingTime=12ms
09-05 19:35:55 [INFO ] Advanced Rate Limiter initialized | requestsPerMinute=15 windowMs=60000
09-05 19:35:55 [INFO ] [test-job] Starting dynamic assessment analysis | assessmentName=AI-Driven Talent Mapping supportedTypes=4
09-05 19:35:55 [INFO ] [test-job] Routing to Talent Mapping analyzer | assessmentName=AI-Driven Talent Mapping
09-05 19:35:55 [INFO ] [test-job] Starting talent mapping analysis | analyzer=TalentMappingAnalyzer assessmentName=AI-Driven Talent Mapping
09-05 19:35:55 [INFO ] [test-job] Generating persona profile
09-05 19:35:55 [ERROR] Failed to initialize Google Generative AI | error=GOOGLE_AI_API_KEY is not set in environment var...
09-05 19:35:55 [ERROR] [test-job] Failed to generate persona profile | error=GOOGLE_AI_API_KEY is not set in environment var...
09-05 19:35:55 [ERROR] [test-job] Talent mapping analysis failed | analyzer=TalentMappingAnalyzer error=GOOGLE_AI_API_KEY is not set in environment var... processingTime=14ms
09-05 19:35:55 [ERROR] [test-job] Assessment analysis failed | assessmentName=AI-Driven Talent Mapping error=Cannot read properties of undefined (reading 'c... processingTime=16ms
09-05 19:40:31 [INFO ] [test-job] Generating mock persona profile
09-05 19:40:51 [INFO ] [test-job] Mock persona profile generated successfully | archetype=The Balanced Professional strengthsCount=5 weaknessesCount=4 careerCount=4
09-05 19:41:12 [INFO ] Advanced Rate Limiter initialized | requestsPerMinute=15 windowMs=60000
09-05 19:41:12 [INFO ] [test-job] Starting dynamic assessment analysis | assessmentName=AI-Driven Talent Mapping supportedTypes=4
09-05 19:41:12 [INFO ] [test-job] Routing to Talent Mapping analyzer | assessmentName=AI-Driven Talent Mapping
09-05 19:41:12 [INFO ] [test-job] Starting talent mapping analysis | analyzer=TalentMappingAnalyzer assessmentName=AI-Driven Talent Mapping
09-05 19:41:12 [INFO ] [test-job] Generating persona profile
09-05 19:41:12 [ERROR] Failed to initialize Google Generative AI | error=GOOGLE_AI_API_KEY is not set in environment var...
09-05 19:41:12 [ERROR] [test-job] Failed to generate persona profile | error=GOOGLE_AI_API_KEY is not set in environment var...
09-05 19:41:12 [ERROR] [test-job] Talent mapping analysis failed | analyzer=TalentMappingAnalyzer error=GOOGLE_AI_API_KEY is not set in environment var... processingTime=11ms
09-05 19:41:12 [ERROR] [test-job] Assessment analysis failed | assessmentName=AI-Driven Talent Mapping error=Talent mapping analysis failed: GOOGLE_AI_API_K... processingTime=17ms
